<?xml version="1.0" encoding="UTF-8"?>
<!-- Generated by org.testng.reporters.JUnitReportReporter -->
<testsuite skipped="0" hostname="PRINHYLTPAP1068.local" name="com.Jenkins.Tests.TestA" tests="3" failures="0" timestamp="18 Nov 2017 07:15:06 GMT" time="16.049" errors="0">
  <testcase name="testSampleTwo" time="1.136" classname="com.Jenkins.Tests.TestA"/>
  <testcase name="testPageTitleSampleA" time="12.993" classname="com.Jenkins.Tests.TestA"/>
  <testcase name="testSampleThree" time="1.920" classname="com.Jenkins.Tests.TestA"/>
</testsuite> <!-- com.Jenkins.Tests.TestA -->
