<?xml version="1.0" encoding="UTF-8"?>
<!-- Generated by org.testng.reporters.JUnitReportReporter -->
<testsuite skipped="0" hostname="PRINHYLTPAP1068.local" name="com.Jenkins.Tests.TestA" tests="3" failures="0" timestamp="18 Nov 2017 07:42:15 GMT" time="8.451" errors="0">
  <testcase name="testSampleThree" time="1.773" classname="com.Jenkins.Tests.TestA"/>
  <testcase name="testSampleTwo" time="2.018" classname="com.Jenkins.Tests.TestA"/>
  <testcase name="testPageTitleSampleA" time="4.660" classname="com.Jenkins.Tests.TestA"/>
</testsuite> <!-- com.Jenkins.Tests.TestA -->
