<?xml version="1.0" encoding="UTF-8"?>
<!-- Generated by org.testng.reporters.JUnitReportReporter -->
<testsuite skipped="0" hostname="PRINHYLTPAP1068.local" name="com.Jenkins.Tests.TestB" tests="4" failures="0" timestamp="18 Nov 2017 07:42:15 GMT" time="7.512" errors="0">
  <testcase name="testPageTitleSampleB" time="3.553" classname="com.Jenkins.Tests.TestB"/>
  <testcase name="testSampleOne" time="1.346" classname="com.Jenkins.Tests.TestB"/>
  <testcase name="testSampleThree" time="1.489" classname="com.Jenkins.Tests.TestB"/>
  <testcase name="testSampleTwo" time="1.124" classname="com.Jenkins.Tests.TestB"/>
</testsuite> <!-- com.Jenkins.Tests.TestB -->
